<component name="libraryTable">
  <library name="junit3.8">
    <CLASSES>
      <root url="jar://$MAVEN_REPOSITORY$/junit/junit/3.8.1/junit-3.8.1.jar!/junit3.8.1" />
    </CLASSES>
    <JAVADOC />
    <SOURCES />
    <jarDirectory url="jar://$MAVEN_REPOSITORY$/junit/junit/3.8.1/junit-3.8.1.jar!/junit3.8.1" recursive="false" />
  </library>
</component>